<?xml version="1.0" encoding="UTF-8"?>
<testsuite name="jmockit.PersonSpec" tests="2" skipped="0" failures="0" errors="0" timestamp="2019-07-26T14:14:23" hostname="WKKZF-PC359" time="0.086">
  <properties/>
  <testcase name="API to test seting Name of person" classname="jmockit.PersonSpec" time="0.045"/>
  <testcase name="API to test Details of person" classname="jmockit.PersonSpec" time="0.041"/>
  <system-out><![CDATA[]]></system-out>
  <system-err><![CDATA[]]></system-err>
</testsuite>
