<?xml version="1.0" encoding="UTF-8"?>
<testsuite name="jmockit.NameValidatorSpec" tests="0" skipped="0" failures="0" errors="0" timestamp="1970-01-01T00:00:00" hostname="WKKZF-PC359" time="0.0">
  <properties/>
  <system-out><![CDATA[]]></system-out>
  <system-err><![CDATA[Jul 26, 2019 10:14:23 AM org.codehaus.groovy.runtime.callsite.PojoMetaMethodSite$PojoCachedMethodSiteNoUnwrap invoke
INFO: Configuring com.athaydes.spockframework.report.SpockReportExtension
Jul 26, 2019 10:14:23 AM org.codehaus.groovy.runtime.callsite.PojoMetaMethodSite$PojoCachedMethodSiteNoUnwrap invoke
INFO: SpockReports config loaded: [com.athaydes.spockframework.report.template.TemplateReportCreator.reportFileExtension:md, com.athaydes.spockframework.report.template.TemplateReportCreator.specTemplateFile:/templateReportCreator/spec-template.md, com.athaydes.spockframework.report.IReportCreator:com.athaydes.spockframework.report.internal.HtmlReportCreator, com.athaydes.spockframework.report.template.TemplateReportCreator.summaryTemplateFile:/templateReportCreator/summary-template.md, com.athaydes.spockframework.report.internal.HtmlReportCreator.summaryReportCss:spock-summary-report.css, com.athaydes.spockframework.report.template.TemplateReportCreator.summaryFileName:summary.md, com.athaydes.spockframework.report.internal.HtmlReportCreator.featureReportCss:spock-feature-report.css, com.athaydes.spockframework.report.hideEmptyBlocks:false, com.athaydes.spockframework.report.outputDir:build/spock-reports]
Jul 26, 2019 10:14:23 AM org.codehaus.groovy.runtime.callsite.PojoMetaMethodSite$PojoCachedMethodSiteNoUnwrap invoke
INFO: Loading settings for reportCreator of type com.athaydes.spockframework.report.internal.HtmlReportCreator
]]></system-err>
</testsuite>
